c:\users\satos\onedrive\デスクトップ\al3_0628\generated\outputs\debug\terrainps.cso
c:\users\satos\onedrive\デスクトップ\al3_0628\generated\outputs\debug\terrainvs.cso
c:\users\satos\onedrive\デスクトップ\al3_0628\generated\outputs\debug\objps.cso
c:\users\satos\onedrive\デスクトップ\al3_0628\generated\outputs\debug\objvs.cso
c:\users\satos\onedrive\デスクトップ\al3_0628\generated\outputs\debug\primitiveps.cso
c:\users\satos\onedrive\デスクトップ\al3_0628\generated\outputs\debug\primitivevs.cso
c:\users\satos\onedrive\デスクトップ\al3_0628\generated\outputs\debug\shapeps.cso
c:\users\satos\onedrive\デスクトップ\al3_0628\generated\outputs\debug\shapevs.cso
c:\users\satos\onedrive\デスクトップ\al3_0628\generated\outputs\debug\spriteps.cso
c:\users\satos\onedrive\デスクトップ\al3_0628\generated\outputs\debug\spritevs.cso
c:\users\satos\onedrive\デスクトップ\al3_0628\generated\obj\directxgame\debug\directxcommon.obj
c:\users\satos\onedrive\デスクトップ\al3_0628\generated\obj\directxgame\debug\imguimanager.obj
c:\users\satos\onedrive\デスクトップ\al3_0628\generated\obj\directxgame\debug\matrixmath.obj
c:\users\satos\onedrive\デスクトップ\al3_0628\generated\obj\directxgame\debug\model.obj
c:\users\satos\onedrive\デスクトップ\al3_0628\generated\obj\directxgame\debug\player.obj
c:\users\satos\onedrive\デスクトップ\al3_0628\generated\obj\directxgame\debug\skydome.obj
c:\users\satos\onedrive\デスクトップ\al3_0628\generated\obj\directxgame\debug\winapp.obj
c:\users\satos\onedrive\デスクトップ\al3_0628\generated\obj\directxgame\debug\worldtransform.obj
c:\users\satos\onedrive\デスクトップ\al3_0628\generated\obj\directxgame\debug\vc143.idb
c:\users\satos\onedrive\デスクトップ\al3_0628\generated\obj\directxgame\debug\vc143.pdb
c:\users\satos\onedrive\デスクトップ\al3_0628\directxgame\..\generated\obj\directxgame\debug\directxgame.vcxproj.filelistabsolute.txt
c:\users\satos\onedrive\デスクトップ\al3_0628\generated\obj\directxgame\debug\directxgame.tlog\cl.command.1.tlog
c:\users\satos\onedrive\デスクトップ\al3_0628\generated\obj\directxgame\debug\directxgame.tlog\fxc.command.1.tlog
c:\users\satos\onedrive\デスクトップ\al3_0628\generated\obj\directxgame\debug\directxgame.tlog\fxc.read.1.tlog
c:\users\satos\onedrive\デスクトップ\al3_0628\generated\obj\directxgame\debug\directxgame.tlog\fxc.write.1.tlog
